<?xml version="1.0" encoding="UTF-8"?>
<Site BuildName="(empty)"
	BuildStamp="20181113-1615-Experimental"
	Name="(empty)"
	Generator="ctest-3.12.1"
	CompilerName=""
	CompilerVersion=""
	OSName="Linux"
	Hostname="grzegorz-X556UQK"
	OSRelease="4.18.0-10-generic"
	OSVersion="#11-Ubuntu SMP Thu Oct 11 15:13:55 UTC 2018"
	OSPlatform="x86_64"
	Is64Bits="1"
	VendorString="GenuineIntel"
	VendorID="Intel Corporation"
	FamilyID="6"
	ModelID="142"
	ProcessorCacheSize="3072"
	NumberOfLogicalCPU="4"
	NumberOfPhysicalCPU="2"
	TotalVirtualMemory="2047"
	TotalPhysicalMemory="7857"
	LogicalProcessorsPerPhysical="2"
	ProcessorClockFrequency="3100.01"
	>
	<Testing>
		<StartDateTime>Nov 13 17:21 CET</StartDateTime>
		<StartTestTime>1542126065</StartTestTime>
		<TestList/>
		<EndDateTime>Nov 13 17:21 CET</EndDateTime>
		<EndTestTime>1542126065</EndTestTime>
		<ElapsedMinutes>0</ElapsedMinutes>
	</Testing>
</Site>
